c:\users\cgvlab\downloads\chai3d-3.1.1-visualstudio (1)\chai3d-3.1.1\templates\dotnet\obj\release\x64\application-dotnet.mainform.resources
c:\users\cgvlab\downloads\chai3d-3.1.1-visualstudio (1)\chai3d-3.1.1\templates\dotnet\obj\release\x64\vc140.pdb
c:\users\cgvlab\downloads\chai3d-3.1.1-visualstudio (1)\chai3d-3.1.1\templates\dotnet\obj\release\x64\mainform.obj
c:\users\cgvlab\downloads\chai3d-3.1.1-visualstudio (1)\chai3d-3.1.1\templates\dotnet\obj\release\x64\cviewport.obj
c:\users\cgvlab\downloads\chai3d-3.1.1-visualstudio (1)\chai3d-3.1.1\templates\dotnet\obj\release\x64\capplication.obj
c:\users\cgvlab\downloads\chai3d-3.1.1-visualstudio (1)\chai3d-3.1.1\templates\dotnet\obj\release\x64\.netframework,version=v4.5.2.assemblyattributes.obj
c:\users\cgvlab\downloads\chai3d-3.1.1-visualstudio (1)\chai3d-3.1.1\templates\dotnet\obj\release\x64\.netframework,version=v4.5.2.assemblyattributes.asm
c:\users\cgvlab\downloads\chai3d-3.1.1-visualstudio (1)\chai3d-3.1.1\bin\win-x64\application-dotnet.exe
c:\users\cgvlab\downloads\chai3d-3.1.1-visualstudio (1)\chai3d-3.1.1\bin\win-x64\application-dotnet.pdb
c:\users\cgvlab\downloads\chai3d-3.1.1-visualstudio (1)\chai3d-3.1.1\templates\dotnet\obj\release\x64\winicon.res
c:\users\cgvlab\downloads\chai3d-3.1.1-visualstudio (1)\chai3d-3.1.1\templates\dotnet\obj\release\x64\application-vs2013.vcxproj.generateresource.cache
c:\users\cgvlab\downloads\chai3d-3.1.1-visualstudio (1)\chai3d-3.1.1\templates\dotnet\../../bin/win-x64/application-dotnet.exe
c:\users\cgvlab\downloads\chai3d-3.1.1-visualstudio (1)\chai3d-3.1.1\templates\dotnet\obj\release\x64\applicat.7c2b2dbd.tlog\application-dotnet.write.1u.tlog
c:\users\cgvlab\downloads\chai3d-3.1.1-visualstudio (1)\chai3d-3.1.1\templates\dotnet\obj\release\x64\applicat.7c2b2dbd.tlog\cl.command.1.tlog
c:\users\cgvlab\downloads\chai3d-3.1.1-visualstudio (1)\chai3d-3.1.1\templates\dotnet\obj\release\x64\applicat.7c2b2dbd.tlog\cl.read.1.tlog
c:\users\cgvlab\downloads\chai3d-3.1.1-visualstudio (1)\chai3d-3.1.1\templates\dotnet\obj\release\x64\applicat.7c2b2dbd.tlog\cl.write.1.tlog
c:\users\cgvlab\downloads\chai3d-3.1.1-visualstudio (1)\chai3d-3.1.1\templates\dotnet\obj\release\x64\applicat.7c2b2dbd.tlog\link.command.1.tlog
c:\users\cgvlab\downloads\chai3d-3.1.1-visualstudio (1)\chai3d-3.1.1\templates\dotnet\obj\release\x64\applicat.7c2b2dbd.tlog\link.read.1.tlog
c:\users\cgvlab\downloads\chai3d-3.1.1-visualstudio (1)\chai3d-3.1.1\templates\dotnet\obj\release\x64\applicat.7c2b2dbd.tlog\link.write.1.tlog
c:\users\cgvlab\downloads\chai3d-3.1.1-visualstudio (1)\chai3d-3.1.1\templates\dotnet\obj\release\x64\applicat.7c2b2dbd.tlog\metagen.read.1.tlog
c:\users\cgvlab\downloads\chai3d-3.1.1-visualstudio (1)\chai3d-3.1.1\templates\dotnet\obj\release\x64\applicat.7c2b2dbd.tlog\metagen.write.1.tlog
c:\users\cgvlab\downloads\chai3d-3.1.1-visualstudio (1)\chai3d-3.1.1\templates\dotnet\obj\release\x64\applicat.7c2b2dbd.tlog\rc.command.1.tlog
c:\users\cgvlab\downloads\chai3d-3.1.1-visualstudio (1)\chai3d-3.1.1\templates\dotnet\obj\release\x64\applicat.7c2b2dbd.tlog\rc.read.1.tlog
c:\users\cgvlab\downloads\chai3d-3.1.1-visualstudio (1)\chai3d-3.1.1\templates\dotnet\obj\release\x64\applicat.7c2b2dbd.tlog\rc.write.1.tlog
c:\users\cgvlab\downloads\chai3d-3.1.1-visualstudio (1)\chai3d-3.1.1\templates\dotnet\obj\release\x64\applicat.7c2b2dbd.tlog\tzres.dll.bi
