  btAxisSweep3.cpp
  btBroadphaseProxy.cpp
  btCollisionAlgorithm.cpp
  btDbvt.cpp
  btDbvtBroadphase.cpp
  btDispatcher.cpp
  btMultiSapBroadphase.cpp
  btOverlappingPairCache.cpp
  btQuantizedBvh.cpp
  btSimpleBroadphase.cpp
  btActivatingCollisionAlgorithm.cpp
  btBox2dBox2dCollisionAlgorithm.cpp
  btBoxBoxCollisionAlgorithm.cpp
  btBoxBoxDetector.cpp
  btCollisionDispatcher.cpp
  btCollisionObject.cpp
  btCollisionWorld.cpp
  btCollisionWorldImporter.cpp
  btCompoundCollisionAlgorithm.cpp
  btCompoundCompoundCollisionAlgorithm.cpp
  btConvex2dConvex2dAlgorithm.cpp
  btConvexConcaveCollisionAlgorithm.cpp
  btConvexConvexAlgorithm.cpp
  btConvexPlaneCollisionAlgorithm.cpp
  btDefaultCollisionConfiguration.cpp
  btEmptyCollisionAlgorithm.cpp
  btGhostObject.cpp
  btHashedSimplePairCache.cpp
  btInternalEdgeUtility.cpp
  btManifoldResult.cpp
  btSimulationIslandManager.cpp
  btSphereBoxCollisionAlgorithm.cpp
  btSphereSphereCollisionAlgorithm.cpp
  btSphereTriangleCollisionAlgorithm.cpp
  btUnionFind.cpp
  SphereTriangleDetector.cpp
  btBox2dShape.cpp
  btBoxShape.cpp
  btBvhTriangleMeshShape.cpp
  btCapsuleShape.cpp
  btCollisionShape.cpp
  btCompoundShape.cpp
  btConcaveShape.cpp
  btConeShape.cpp
  btConvex2dShape.cpp
  btConvexHullShape.cpp
  btConvexInternalShape.cpp
  btConvexPointCloudShape.cpp
  btConvexPolyhedron.cpp
  btConvexShape.cpp
  btConvexTriangleMeshShape.cpp
  btCylinderShape.cpp
  btEmptyShape.cpp
  btHeightfieldTerrainShape.cpp
  btMinkowskiSumShape.cpp
  btMultimaterialTriangleMeshShape.cpp
  btMultiSphereShape.cpp
  btOptimizedBvh.cpp
  btPolyhedralConvexShape.cpp
  btScaledBvhTriangleMeshShape.cpp
  btShapeHull.cpp
  btSphereShape.cpp
  btStaticPlaneShape.cpp
  btStridingMeshInterface.cpp
  btTetrahedronShape.cpp
  btTriangleBuffer.cpp
  btTriangleCallback.cpp
  btTriangleIndexVertexArray.cpp
  btTriangleIndexVertexMaterialArray.cpp
  btTriangleMesh.cpp
  btTriangleMeshShape.cpp
  btUniformScalingShape.cpp
  btContactProcessing.cpp
  btGenericPoolAllocator.cpp
  btGImpactBvh.cpp
  btGImpactCollisionAlgorithm.cpp
  btGImpactQuantizedBvh.cpp
  btGImpactShape.cpp
  btTriangleShapeEx.cpp
  gim_box_set.cpp
  gim_contact.cpp
  gim_memory.cpp
  gim_tri_collision.cpp
  btContinuousConvexCollision.cpp
  btConvexCast.cpp
  btGjkConvexCast.cpp
  btGjkEpa2.cpp
  btGjkEpaPenetrationDepthSolver.cpp
  btGjkPairDetector.cpp
  btMinkowskiPenetrationDepthSolver.cpp
  btPersistentManifold.cpp
  btPolyhedralContactClipping.cpp
  btRaycastCallback.cpp
  btSubSimplexConvexCast.cpp
  btVoronoiSimplexSolver.cpp
  btKinematicCharacterController.cpp
  btConeTwistConstraint.cpp
  btContactConstraint.cpp
  btFixedConstraint.cpp
  btGearConstraint.cpp
c:\users\oskar-msi\desktop\chai3d-3.2.0\modules\bullet\external\bullet\src\bulletdynamics\constraintsolver\btcontactconstraint.h(25): warning C4359: 'btContactConstraint': el especificador de alinieación es menor que la alineación real (128), y se omitirá. (compilando archivo de origen external/bullet/src/BulletDynamics/ConstraintSolver/btContactConstraint.cpp)
  btGeneric6DofConstraint.cpp
  btGeneric6DofSpring2Constraint.cpp
  btGeneric6DofSpringConstraint.cpp
  btHinge2Constraint.cpp
  btHingeConstraint.cpp
  btNNCGConstraintSolver.cpp
  btPoint2PointConstraint.cpp
  btSequentialImpulseConstraintSolver.cpp
  btSliderConstraint.cpp
  btSolve2LinearConstraint.cpp
  btTypedConstraint.cpp
  btUniversalConstraint.cpp
  btDiscreteDynamicsWorld.cpp
  btRigidBody.cpp
  btSimpleDynamicsWorld.cpp
  btMultiBody.cpp
  btMultiBodyConstraint.cpp
c:\users\oskar-msi\desktop\chai3d-3.2.0\modules\bullet\external\bullet\src\bulletdynamics\constraintsolver\btcontactconstraint.h(25): warning C4359: 'btContactConstraint': el especificador de alinieación es menor que la alineación real (128), y se omitirá. (compilando archivo de origen external/bullet/src/BulletDynamics/Dynamics/btDiscreteDynamicsWorld.cpp)
  btMultiBodyConstraintSolver.cpp
  btMultiBodyDynamicsWorld.cpp
  btMultiBodyJointLimitConstraint.cpp
  btMultiBodyJointMotor.cpp
  btMultiBodyPoint2Point.cpp
  btDantzigLCP.cpp
  btLemkeAlgorithm.cpp
  btMLCPSolver.cpp
  btRaycastVehicle.cpp
c:\users\oskar-msi\desktop\chai3d-3.2.0\modules\bullet\external\bullet\src\bulletdynamics\mlcpsolvers\btdantziglcp.cpp(1568): warning C4473: "printf": no se pasaron suficientes argumentos para la cadena de formato
  c:\users\oskar-msi\desktop\chai3d-3.2.0\modules\bullet\external\bullet\src\bulletdynamics\mlcpsolvers\btdantziglcp.cpp(1568): note: los marcadores de posición y sus parámetros esperan 2 argumentos variádicos, pero se proporcionaron 1
  c:\users\oskar-msi\desktop\chai3d-3.2.0\modules\bullet\external\bullet\src\bulletdynamics\mlcpsolvers\btdantziglcp.cpp(1568): note: el argumento variádico 2 que falta es requerido por la cadena de formato '% s'
  btWheelInfo.cpp
  btDefaultSoftBodySolver.cpp
  btSoftBody.cpp
  btSoftBodyConcaveCollisionAlgorithm.cpp
c:\users\oskar-msi\desktop\chai3d-3.2.0\modules\bullet\external\bullet\src\bulletdynamics\constraintsolver\btcontactconstraint.h(25): warning C4359: 'btContactConstraint': el especificador de alinieación es menor que la alineación real (128), y se omitirá. (compilando archivo de origen external/bullet/src/BulletDynamics/Vehicle/btRaycastVehicle.cpp)
  btSoftBodyHelpers.cpp
  btSoftBodyRigidBodyCollisionConfiguration.cpp
c:\users\oskar-msi\desktop\chai3d-3.2.0\modules\bullet\external\bullet\src\bulletsoftbody\btsoftbodyhelpers.cpp(555): warning C4316: 'btSoftBody::Link': puede que el objeto asignado en el montón no esté alineado 16
  btSoftRigidCollisionAlgorithm.cpp
  btSoftRigidDynamicsWorld.cpp
  btSoftSoftCollisionAlgorithm.cpp
  btAlignedAllocator.cpp
  btConvexHull.cpp
  btConvexHullComputer.cpp
  btGeometryUtil.cpp
  btPolarDecomposition.cpp
  btQuickprof.cpp
  btSerializer.cpp
  btVector3.cpp
  CBulletBox.cpp
  CBulletCylinder.cpp
  CBulletGenericObject.cpp
  CBulletMesh.cpp
  CBulletMultiMesh.cpp
  CBulletSphere.cpp
  CBulletStaticPlane.cpp
  CBulletVehicle.cpp
  CBulletWorld.cpp
  clew.c
btVector3.obj : warning LNK4221: Este archivo de objeto no define ning·n sÝmbolo p·blico que no se haya definido previamente, por lo que no se usarß en ninguna vinculaci¾n que utilice esta biblioteca
btBroadphaseProxy.obj : warning LNK4221: Este archivo de objeto no define ning·n sÝmbolo p·blico que no se haya definido previamente, por lo que no se usarß en ninguna vinculaci¾n que utilice esta biblioteca
  CHAI3D-BULLET-VS2015.vcxproj -> C:\Users\Oskar-MSI\Desktop\chai3d-3.2.0\modules\BULLET\lib/Debug/Win32/chai3d-BULLET.lib
