  dev2gif.c
  dgif_lib.c
  egif_lib.c
  getarg.c
  gifalloc.c
  gif_err.c
  gif_font.c
  gif_hash.c
  qprintf.c
  quantize.c
  glew.c
  lib3ds_atmosphere.c
  lib3ds_background.c
  lib3ds_camera.c
  lib3ds_chunk.c
  lib3ds_chunktable.c
  lib3ds_file.c
  lib3ds_io.c
  lib3ds_light.c
  lib3ds_material.c
  lib3ds_math.c
  lib3ds_matrix.c
  lib3ds_mesh.c
  lib3ds_node.c
  lib3ds_quat.c
  lib3ds_shadow.c
  lib3ds_track.c
  lib3ds_util.c
  lib3ds_vector.c
  lib3ds_viewport.c
  jaricom.c
  jcapimin.c
  jcapistd.c
  jcarith.c
  jccoefct.c
  jccolor.c
  jcdctmgr.c
  jchuff.c
  jcinit.c
  jcmainct.c
  jcmarker.c
  jcmaster.c
  jcomapi.c
  jcparam.c
  jcprepct.c
  jcsample.c
  jctrans.c
  jdapimin.c
  jdapistd.c
  jdarith.c
  jdatadst.c
  jdatasrc.c
  jdcoefct.c
  jdcolor.c
  jddctmgr.c
  jdhuff.c
  jdinput.c
  jdmainct.c
  jdmarker.c
  jdmaster.c
  jdmerge.c
  jdpostct.c
  jdsample.c
  jdtrans.c
  jerror.c
  jfdctflt.c
  jfdctfst.c
  jfdctint.c
  jidctflt.c
  jidctfst.c
  jidctint.c
  jmemansi.c
  jmemmgr.c
  jmemnobs.c
  jquant1.c
  jquant2.c
  jutils.c
  adler32.c
  compress.c
  crc32.c
  deflate.c
  gzclose.c
  gzlib.c
  gzread.c
  gzwrite.c
  infback.c
  inffast.c
  inflate.c
  inftrees.c
  png.c
  pngerror.c
  pngget.c
  pngmem.c
  pngpread.c
  pngread.c
  pngrio.c
  pngrtran.c
  pngrutil.c
  pngset.c
  pngtrans.c
  pngwio.c
  pngwrite.c
  pngwtran.c
  pngwutil.c
  trees.c
  uncompr.c
  zutil.c
  ALc.c
  alcConfig.c
  alcDedicated.c
  alcEcho.c
  alcModulator.c
  alcReverb.c
  alcRing.c
  alcThread.c
  ALu.c
  dsound.c
  loopback.c
  mmdevapi.c
  null.c
  wave.c
  winmm.c
  bs2b.c
  helpers.c
  hrtf.c
  mixer.c
  mixer_c.c
  mixer_sse.c
  panning.c
  alAuxEffectSlot.c
  alBuffer.c
  alEffect.c
  alError.c
  alExtension.c
  alFilter.c
  alListener.c
  alSource.c
  alState.c
  alThunk.c
  bitwise.c
  framing.c
  analyze.c
  apiwrapper.c
  bitpack.c
  collect.c
  decapiwrapper.c
  decinfo.c
  decode.c
  dequant.c
  encapiwrapper.c
  encfrag.c
  encinfo.c
  encode.c
  encoder_disabled.c
  enquant.c
  fdct.c
  fragment.c
  huffdec.c
  huffenc.c
  idct.c
  infot.c
  internal.c
  mathops.c
  mcenc.c
  quant.c
  rate.c
  state.c
  tokenize.c
  mmxencfrag.c
  mmxfdct.c
  mmxfrag.c
  mmxidct.c
  mmxstate.c
  x86cpu.c
  x86enc.c
  x86state.c
  analysis.c
  bitrate.c
  block.c
  codebook.c
  envelope.c
  floor0.c
  floor1.c
  info.c
  lookup.c
  lpc.c
  lsp.c
  mapping0.c
  mdct.c
  psy.c
  registry.c
  res0.c
  sharedbook.c
  smallft.c
  synthesis.c
  vorbisenc.c
  vorbisfile.c
  window.c
  yuv420_grey_c.c
  yuv420_rgb_c.c
  yuv420_yuv_c.c
  yuv_util.c
  pugixml.cpp
  OpenAL_AudioInterface.cpp
  TheoraAsync.cpp
  TheoraAudioInterface.cpp
  TheoraAudioPacketQueue.cpp
  TheoraDataSource.cpp
  TheoraException.cpp
  TheoraFrameQueue.cpp
  TheoraTimer.cpp
  TheoraUtil.cpp
  TheoraVideoClip.cpp
  TheoraVideoFrame.cpp
  TheoraVideoManager.cpp
  TheoraWorkerThread.cpp
  TheoraVideoClip_Theora.cpp
  CAudioBuffer.cpp
  CAudioDevice.cpp
  CAudioSource.cpp
  CCollisionAABB.cpp
  CCollisionAABBTree.cpp
  CCollisionBrute.cpp
  CGenericCollision.cpp
  CDeltaDevices.cpp
  CGenericDevice.cpp
  CGenericHapticDevice.cpp
  CHapticDeviceHandler.cpp
  CLeapDevices.cpp
  CMyCustomDevice.cpp
  CPhantomDevices.cpp
  CSixenseDevices.cpp
  CCamera.cpp
  CFrameBuffer.cpp
  CEffectMagnet.cpp
  CEffectStickSlip.cpp
  CEffectSurface.cpp
  CEffectVibration.cpp
  CEffectViscosity.cpp
  CGenericEffect.cpp
  CFileAudioWAV.cpp
  CFileImageBMP.cpp
  CFileImageGIF.cpp
  CFileImageJPG.cpp
  CFileImagePNG.cpp
  CFileImagePPM.cpp
  CFileImageRAW.cpp
  CFileModel3DS.cpp
  CFileModelOBJ.cpp
  CFileModelSTL.cpp
  CFileXML.cpp
  CAlgorithmFingerProxy.cpp
  CAlgorithmPotentialField.cpp
  CGenericForceAlgorithm.cpp
  CColor.cpp
  CDisplayList.cpp
  CDraw3D.cpp
  CFog.cpp
  CFont.cpp
  CImage.cpp
  CMultiImage.cpp
  CPointArray.cpp
  CPrimitives.cpp
  CSegmentArray.cpp
  CTriangleArray.cpp
  CVideo.cpp
  CDirectionalLight.cpp
  CGenericLight.cpp
  CPositionalLight.cpp
  CShadowMap.cpp
  CSpotLight.cpp
  CMaterial.cpp
  CNormalMap.cpp
  CTexture1d.cpp
  CTexture2d.cpp
  CTexture3d.cpp
  CTextureVideo.cpp
  CShader.cpp
  CShaderProgram.cpp
  CGlobals.cpp
  CMutex.cpp
  CString.cpp
  CThread.cpp
  CFrequencyCounter.cpp
  CPrecisionClock.cpp
  CGenericTool.cpp
  CHapticPoint.cpp
  CToolCursor.cpp
  CToolGripper.cpp
  CBackground.cpp
  CBitmap.cpp
  CDial.cpp
  CGenericWidget.cpp
  CLabel.cpp
  CLevel.cpp
  CPanel.cpp
  CScope.cpp
  CViewPanel.cpp
  CGenericObject.cpp
  CMesh.cpp
  CMultiMesh.cpp
  CMultiPoint.cpp
  CMultiSegment.cpp
  CShapeBox.cpp
  CShapeCylinder.cpp
  CShapeLine.cpp
  CShapeSphere.cpp
  CShapeTorus.cpp
  CVoxelObject.cpp
  CWorld.cpp
  CShapeEllipsoid.cpp
  CHAI3D-VS2013.vcxproj -> C:\Users\Oskar-MSI\Documents\GitHub\unity-chai3d\chai3d-3.2.0\lib/Release/x64/chai3d.lib
