c:\users\cgvlab\documents\unityhapticvr\chai3d-3.1.1\obj\release\x64\egif_lib.obj
c:\users\cgvlab\documents\unityhapticvr\chai3d-3.1.1\obj\release\x64\qprintf.obj
c:\users\cgvlab\documents\unityhapticvr\chai3d-3.1.1\obj\release\x64\lib3ds_atmosphere.obj
c:\users\cgvlab\documents\unityhapticvr\chai3d-3.1.1\obj\release\x64\lib3ds_chunk.obj
c:\users\cgvlab\documents\unityhapticvr\chai3d-3.1.1\obj\release\x64\lib3ds_io.obj
c:\users\cgvlab\documents\unityhapticvr\chai3d-3.1.1\obj\release\x64\lib3ds_matrix.obj
c:\users\cgvlab\documents\unityhapticvr\chai3d-3.1.1\obj\release\x64\lib3ds_quat.obj
c:\users\cgvlab\documents\unityhapticvr\chai3d-3.1.1\obj\release\x64\lib3ds_shadow.obj
c:\users\cgvlab\documents\unityhapticvr\chai3d-3.1.1\obj\release\x64\lib3ds_vector.obj
c:\users\cgvlab\documents\unityhapticvr\chai3d-3.1.1\obj\release\x64\jcapimin.obj
c:\users\cgvlab\documents\unityhapticvr\chai3d-3.1.1\obj\release\x64\jccoefct.obj
c:\users\cgvlab\documents\unityhapticvr\chai3d-3.1.1\obj\release\x64\jcinit.obj
c:\users\cgvlab\documents\unityhapticvr\chai3d-3.1.1\obj\release\x64\jcmaster.obj
c:\users\cgvlab\documents\unityhapticvr\chai3d-3.1.1\obj\release\x64\jcprepct.obj
c:\users\cgvlab\documents\unityhapticvr\chai3d-3.1.1\obj\release\x64\jctrans.obj
c:\users\cgvlab\documents\unityhapticvr\chai3d-3.1.1\obj\release\x64\jdarith.obj
c:\users\cgvlab\documents\unityhapticvr\chai3d-3.1.1\obj\release\x64\jdcolor.obj
c:\users\cgvlab\documents\unityhapticvr\chai3d-3.1.1\obj\release\x64\jdinput.obj
c:\users\cgvlab\documents\unityhapticvr\chai3d-3.1.1\obj\release\x64\jdmaster.obj
c:\users\cgvlab\documents\unityhapticvr\chai3d-3.1.1\obj\release\x64\jdsample.obj
c:\users\cgvlab\documents\unityhapticvr\chai3d-3.1.1\obj\release\x64\jfdctflt.obj
c:\users\cgvlab\documents\unityhapticvr\chai3d-3.1.1\obj\release\x64\jidctflt.obj
c:\users\cgvlab\documents\unityhapticvr\chai3d-3.1.1\obj\release\x64\jmemansi.obj
c:\users\cgvlab\documents\unityhapticvr\chai3d-3.1.1\obj\release\x64\jmemnobs.obj
c:\users\cgvlab\documents\unityhapticvr\chai3d-3.1.1\obj\release\x64\jutils.obj
c:\users\cgvlab\documents\unityhapticvr\chai3d-3.1.1\obj\release\x64\compress.obj
c:\users\cgvlab\documents\unityhapticvr\chai3d-3.1.1\obj\release\x64\gzclose.obj
c:\users\cgvlab\documents\unityhapticvr\chai3d-3.1.1\obj\release\x64\infback.obj
c:\users\cgvlab\documents\unityhapticvr\chai3d-3.1.1\obj\release\x64\inftrees.obj
c:\users\cgvlab\documents\unityhapticvr\chai3d-3.1.1\obj\release\x64\pngerror.obj
c:\users\cgvlab\documents\unityhapticvr\chai3d-3.1.1\obj\release\x64\pngpread.obj
c:\users\cgvlab\documents\unityhapticvr\chai3d-3.1.1\obj\release\x64\pngrtran.obj
c:\users\cgvlab\documents\unityhapticvr\chai3d-3.1.1\obj\release\x64\pngtrans.obj
c:\users\cgvlab\documents\unityhapticvr\chai3d-3.1.1\obj\release\x64\pngwtran.obj
c:\users\cgvlab\documents\unityhapticvr\chai3d-3.1.1\obj\release\x64\zutil.obj
c:\users\cgvlab\documents\unityhapticvr\chai3d-3.1.1\obj\release\x64\alcconfig.obj
c:\users\cgvlab\documents\unityhapticvr\chai3d-3.1.1\obj\release\x64\alcmodulator.obj
c:\users\cgvlab\documents\unityhapticvr\chai3d-3.1.1\obj\release\x64\alcthread.obj
c:\users\cgvlab\documents\unityhapticvr\chai3d-3.1.1\obj\release\x64\loopback.obj
c:\users\cgvlab\documents\unityhapticvr\chai3d-3.1.1\obj\release\x64\mmdevapi.obj
c:\users\cgvlab\documents\unityhapticvr\chai3d-3.1.1\obj\release\x64\bs2b.obj
c:\users\cgvlab\documents\unityhapticvr\chai3d-3.1.1\obj\release\x64\hrtf.obj
c:\users\cgvlab\documents\unityhapticvr\chai3d-3.1.1\obj\release\x64\mixer_c.obj
c:\users\cgvlab\documents\unityhapticvr\chai3d-3.1.1\obj\release\x64\albuffer.obj
c:\users\cgvlab\documents\unityhapticvr\chai3d-3.1.1\obj\release\x64\allistener.obj
c:\users\cgvlab\documents\unityhapticvr\chai3d-3.1.1\obj\release\x64\althunk.obj
c:\users\cgvlab\documents\unityhapticvr\chai3d-3.1.1\obj\release\x64\framing.obj
c:\users\cgvlab\documents\unityhapticvr\chai3d-3.1.1\obj\release\x64\bitpack.obj
c:\users\cgvlab\documents\unityhapticvr\chai3d-3.1.1\obj\release\x64\decapiwrapper.obj
c:\users\cgvlab\documents\unityhapticvr\chai3d-3.1.1\obj\release\x64\decinfo.obj
c:\users\cgvlab\documents\unityhapticvr\chai3d-3.1.1\obj\release\x64\dequant.obj
c:\users\cgvlab\documents\unityhapticvr\chai3d-3.1.1\obj\release\x64\encinfo.obj
c:\users\cgvlab\documents\unityhapticvr\chai3d-3.1.1\obj\release\x64\encoder_disabled.obj
c:\users\cgvlab\documents\unityhapticvr\chai3d-3.1.1\obj\release\x64\fdct.obj
c:\users\cgvlab\documents\unityhapticvr\chai3d-3.1.1\obj\release\x64\huffdec.obj
c:\users\cgvlab\documents\unityhapticvr\chai3d-3.1.1\obj\release\x64\infot.obj
c:\users\cgvlab\documents\unityhapticvr\chai3d-3.1.1\obj\release\x64\quant.obj
c:\users\cgvlab\documents\unityhapticvr\chai3d-3.1.1\obj\release\x64\state.obj
c:\users\cgvlab\documents\unityhapticvr\chai3d-3.1.1\obj\release\x64\mmxfdct.obj
c:\users\cgvlab\documents\unityhapticvr\chai3d-3.1.1\obj\release\x64\mmxstate.obj
c:\users\cgvlab\documents\unityhapticvr\chai3d-3.1.1\obj\release\x64\analysis.obj
c:\users\cgvlab\documents\unityhapticvr\chai3d-3.1.1\obj\release\x64\envelope.obj
c:\users\cgvlab\documents\unityhapticvr\chai3d-3.1.1\obj\release\x64\floor1.obj
c:\users\cgvlab\documents\unityhapticvr\chai3d-3.1.1\obj\release\x64\mapping0.obj
c:\users\cgvlab\documents\unityhapticvr\chai3d-3.1.1\obj\release\x64\res0.obj
c:\users\cgvlab\documents\unityhapticvr\chai3d-3.1.1\obj\release\x64\vorbisenc.obj
c:\users\cgvlab\documents\unityhapticvr\chai3d-3.1.1\obj\release\x64\dgif_lib.obj
c:\users\cgvlab\documents\unityhapticvr\chai3d-3.1.1\obj\release\x64\gif_font.obj
c:\users\cgvlab\documents\unityhapticvr\chai3d-3.1.1\obj\release\x64\glew.obj
c:\users\cgvlab\documents\unityhapticvr\chai3d-3.1.1\obj\release\x64\dev2gif.obj
c:\users\cgvlab\documents\unityhapticvr\chai3d-3.1.1\obj\release\x64\gifalloc.obj
c:\users\cgvlab\documents\unityhapticvr\chai3d-3.1.1\obj\release\x64\gif_hash.obj
c:\users\cgvlab\documents\unityhapticvr\chai3d-3.1.1\obj\release\x64\lib3ds_background.obj
c:\users\cgvlab\documents\unityhapticvr\chai3d-3.1.1\obj\release\x64\lib3ds_chunktable.obj
c:\users\cgvlab\documents\unityhapticvr\chai3d-3.1.1\obj\release\x64\lib3ds_light.obj
c:\users\cgvlab\documents\unityhapticvr\chai3d-3.1.1\obj\release\x64\lib3ds_math.obj
c:\users\cgvlab\documents\unityhapticvr\chai3d-3.1.1\obj\release\x64\lib3ds_mesh.obj
c:\users\cgvlab\documents\unityhapticvr\chai3d-3.1.1\obj\release\x64\lib3ds_util.obj
c:\users\cgvlab\documents\unityhapticvr\chai3d-3.1.1\obj\release\x64\lib3ds_viewport.obj
c:\users\cgvlab\documents\unityhapticvr\chai3d-3.1.1\obj\release\x64\jcapistd.obj
c:\users\cgvlab\documents\unityhapticvr\chai3d-3.1.1\obj\release\x64\jccolor.obj
c:\users\cgvlab\documents\unityhapticvr\chai3d-3.1.1\obj\release\x64\jchuff.obj
c:\users\cgvlab\documents\unityhapticvr\chai3d-3.1.1\obj\release\x64\jcmarker.obj
c:\users\cgvlab\documents\unityhapticvr\chai3d-3.1.1\obj\release\x64\jcparam.obj
c:\users\cgvlab\documents\unityhapticvr\chai3d-3.1.1\obj\release\x64\jdapimin.obj
c:\users\cgvlab\documents\unityhapticvr\chai3d-3.1.1\obj\release\x64\jdatasrc.obj
c:\users\cgvlab\documents\unityhapticvr\chai3d-3.1.1\obj\release\x64\jddctmgr.obj
c:\users\cgvlab\documents\unityhapticvr\chai3d-3.1.1\obj\release\x64\jdmainct.obj
c:\users\cgvlab\documents\unityhapticvr\chai3d-3.1.1\obj\release\x64\jdmerge.obj
c:\users\cgvlab\documents\unityhapticvr\chai3d-3.1.1\obj\release\x64\jerror.obj
c:\users\cgvlab\documents\unityhapticvr\chai3d-3.1.1\obj\release\x64\jfdctfst.obj
c:\users\cgvlab\documents\unityhapticvr\chai3d-3.1.1\obj\release\x64\jidctfst.obj
c:\users\cgvlab\documents\unityhapticvr\chai3d-3.1.1\obj\release\x64\jmemmgr.obj
c:\users\cgvlab\documents\unityhapticvr\chai3d-3.1.1\obj\release\x64\jquant2.obj
c:\users\cgvlab\documents\unityhapticvr\chai3d-3.1.1\obj\release\x64\crc32.obj
c:\users\cgvlab\documents\unityhapticvr\chai3d-3.1.1\obj\release\x64\gzlib.obj
c:\users\cgvlab\documents\unityhapticvr\chai3d-3.1.1\obj\release\x64\gzwrite.obj
c:\users\cgvlab\documents\unityhapticvr\chai3d-3.1.1\obj\release\x64\inflate.obj
c:\users\cgvlab\documents\unityhapticvr\chai3d-3.1.1\obj\release\x64\pngget.obj
c:\users\cgvlab\documents\unityhapticvr\chai3d-3.1.1\obj\release\x64\pngread.obj
c:\users\cgvlab\documents\unityhapticvr\chai3d-3.1.1\obj\release\x64\pngset.obj
c:\users\cgvlab\documents\unityhapticvr\chai3d-3.1.1\obj\release\x64\pngwrite.obj
c:\users\cgvlab\documents\unityhapticvr\chai3d-3.1.1\obj\release\x64\trees.obj
c:\users\cgvlab\documents\unityhapticvr\chai3d-3.1.1\obj\release\x64\uncompr.obj
c:\users\cgvlab\documents\unityhapticvr\chai3d-3.1.1\obj\release\x64\alc.obj
c:\users\cgvlab\documents\unityhapticvr\chai3d-3.1.1\obj\release\x64\alcecho.obj
c:\users\cgvlab\documents\unityhapticvr\chai3d-3.1.1\obj\release\x64\alcring.obj
c:\users\cgvlab\documents\unityhapticvr\chai3d-3.1.1\obj\release\x64\dsound.obj
c:\users\cgvlab\documents\unityhapticvr\chai3d-3.1.1\obj\release\x64\wave.obj
c:\users\cgvlab\documents\unityhapticvr\chai3d-3.1.1\obj\release\x64\helpers.obj
c:\users\cgvlab\documents\unityhapticvr\chai3d-3.1.1\obj\release\x64\mixer_sse.obj
c:\users\cgvlab\documents\unityhapticvr\chai3d-3.1.1\obj\release\x64\alauxeffectslot.obj
c:\users\cgvlab\documents\unityhapticvr\chai3d-3.1.1\obj\release\x64\alerror.obj
c:\users\cgvlab\documents\unityhapticvr\chai3d-3.1.1\obj\release\x64\alextension.obj
c:\users\cgvlab\documents\unityhapticvr\chai3d-3.1.1\obj\release\x64\alsource.obj
c:\users\cgvlab\documents\unityhapticvr\chai3d-3.1.1\obj\release\x64\analyze.obj
c:\users\cgvlab\documents\unityhapticvr\chai3d-3.1.1\obj\release\x64\encapiwrapper.obj
c:\users\cgvlab\documents\unityhapticvr\chai3d-3.1.1\obj\release\x64\enquant.obj
c:\users\cgvlab\documents\unityhapticvr\chai3d-3.1.1\obj\release\x64\fragment.obj
c:\users\cgvlab\documents\unityhapticvr\chai3d-3.1.1\obj\release\x64\huffenc.obj
c:\users\cgvlab\documents\unityhapticvr\chai3d-3.1.1\obj\release\x64\internal.obj
c:\users\cgvlab\documents\unityhapticvr\chai3d-3.1.1\obj\release\x64\rate.obj
c:\users\cgvlab\documents\unityhapticvr\chai3d-3.1.1\obj\release\x64\mmxencfrag.obj
c:\users\cgvlab\documents\unityhapticvr\chai3d-3.1.1\obj\release\x64\mmxfrag.obj
c:\users\cgvlab\documents\unityhapticvr\chai3d-3.1.1\obj\release\x64\x86enc.obj
c:\users\cgvlab\documents\unityhapticvr\chai3d-3.1.1\obj\release\x64\bitrate.obj
c:\users\cgvlab\documents\unityhapticvr\chai3d-3.1.1\obj\release\x64\codebook.obj
c:\users\cgvlab\documents\unityhapticvr\chai3d-3.1.1\obj\release\x64\floor0.obj
c:\users\cgvlab\documents\unityhapticvr\chai3d-3.1.1\obj\release\x64\lookup.obj
c:\users\cgvlab\documents\unityhapticvr\chai3d-3.1.1\obj\release\x64\lpc.obj
c:\users\cgvlab\documents\unityhapticvr\chai3d-3.1.1\obj\release\x64\lsp.obj
c:\users\cgvlab\documents\unityhapticvr\chai3d-3.1.1\obj\release\x64\mdct.obj
c:\users\cgvlab\documents\unityhapticvr\chai3d-3.1.1\obj\release\x64\registry.obj
c:\users\cgvlab\documents\unityhapticvr\chai3d-3.1.1\obj\release\x64\sharedbook.obj
c:\users\cgvlab\documents\unityhapticvr\chai3d-3.1.1\obj\release\x64\synthesis.obj
c:\users\cgvlab\documents\unityhapticvr\chai3d-3.1.1\obj\release\x64\vorbisfile.obj
c:\users\cgvlab\documents\unityhapticvr\chai3d-3.1.1\obj\release\x64\yuv420_grey_c.obj
c:\users\cgvlab\documents\unityhapticvr\chai3d-3.1.1\obj\release\x64\yuv420_rgb_c.obj
c:\users\cgvlab\documents\unityhapticvr\chai3d-3.1.1\obj\release\x64\yuv_util.obj
c:\users\cgvlab\documents\unityhapticvr\chai3d-3.1.1\obj\release\x64\getarg.obj
c:\users\cgvlab\documents\unityhapticvr\chai3d-3.1.1\obj\release\x64\gif_err.obj
c:\users\cgvlab\documents\unityhapticvr\chai3d-3.1.1\obj\release\x64\quantize.obj
c:\users\cgvlab\documents\unityhapticvr\chai3d-3.1.1\obj\release\x64\lib3ds_camera.obj
c:\users\cgvlab\documents\unityhapticvr\chai3d-3.1.1\obj\release\x64\lib3ds_file.obj
c:\users\cgvlab\documents\unityhapticvr\chai3d-3.1.1\obj\release\x64\lib3ds_material.obj
c:\users\cgvlab\documents\unityhapticvr\chai3d-3.1.1\obj\release\x64\lib3ds_node.obj
c:\users\cgvlab\documents\unityhapticvr\chai3d-3.1.1\obj\release\x64\lib3ds_track.obj
c:\users\cgvlab\documents\unityhapticvr\chai3d-3.1.1\obj\release\x64\jaricom.obj
c:\users\cgvlab\documents\unityhapticvr\chai3d-3.1.1\obj\release\x64\jcarith.obj
c:\users\cgvlab\documents\unityhapticvr\chai3d-3.1.1\obj\release\x64\jcdctmgr.obj
c:\users\cgvlab\documents\unityhapticvr\chai3d-3.1.1\obj\release\x64\jcmainct.obj
c:\users\cgvlab\documents\unityhapticvr\chai3d-3.1.1\obj\release\x64\jcomapi.obj
c:\users\cgvlab\documents\unityhapticvr\chai3d-3.1.1\obj\release\x64\jcsample.obj
c:\users\cgvlab\documents\unityhapticvr\chai3d-3.1.1\obj\release\x64\jdapistd.obj
c:\users\cgvlab\documents\unityhapticvr\chai3d-3.1.1\obj\release\x64\jdatadst.obj
c:\users\cgvlab\documents\unityhapticvr\chai3d-3.1.1\obj\release\x64\jdcoefct.obj
c:\users\cgvlab\documents\unityhapticvr\chai3d-3.1.1\obj\release\x64\jdhuff.obj
c:\users\cgvlab\documents\unityhapticvr\chai3d-3.1.1\obj\release\x64\jdmarker.obj
c:\users\cgvlab\documents\unityhapticvr\chai3d-3.1.1\obj\release\x64\jdpostct.obj
c:\users\cgvlab\documents\unityhapticvr\chai3d-3.1.1\obj\release\x64\jdtrans.obj
c:\users\cgvlab\documents\unityhapticvr\chai3d-3.1.1\obj\release\x64\jfdctint.obj
c:\users\cgvlab\documents\unityhapticvr\chai3d-3.1.1\obj\release\x64\jidctint.obj
c:\users\cgvlab\documents\unityhapticvr\chai3d-3.1.1\obj\release\x64\jquant1.obj
c:\users\cgvlab\documents\unityhapticvr\chai3d-3.1.1\obj\release\x64\adler32.obj
c:\users\cgvlab\documents\unityhapticvr\chai3d-3.1.1\obj\release\x64\deflate.obj
c:\users\cgvlab\documents\unityhapticvr\chai3d-3.1.1\obj\release\x64\gzread.obj
c:\users\cgvlab\documents\unityhapticvr\chai3d-3.1.1\obj\release\x64\inffast.obj
c:\users\cgvlab\documents\unityhapticvr\chai3d-3.1.1\obj\release\x64\png.obj
c:\users\cgvlab\documents\unityhapticvr\chai3d-3.1.1\obj\release\x64\pngmem.obj
c:\users\cgvlab\documents\unityhapticvr\chai3d-3.1.1\obj\release\x64\pngrio.obj
c:\users\cgvlab\documents\unityhapticvr\chai3d-3.1.1\obj\release\x64\pngrutil.obj
c:\users\cgvlab\documents\unityhapticvr\chai3d-3.1.1\obj\release\x64\pngwio.obj
c:\users\cgvlab\documents\unityhapticvr\chai3d-3.1.1\obj\release\x64\pngwutil.obj
c:\users\cgvlab\documents\unityhapticvr\chai3d-3.1.1\obj\release\x64\alcdedicated.obj
c:\users\cgvlab\documents\unityhapticvr\chai3d-3.1.1\obj\release\x64\alcreverb.obj
c:\users\cgvlab\documents\unityhapticvr\chai3d-3.1.1\obj\release\x64\alu.obj
c:\users\cgvlab\documents\unityhapticvr\chai3d-3.1.1\obj\release\x64\null.obj
c:\users\cgvlab\documents\unityhapticvr\chai3d-3.1.1\obj\release\x64\winmm.obj
c:\users\cgvlab\documents\unityhapticvr\chai3d-3.1.1\obj\release\x64\mixer.obj
c:\users\cgvlab\documents\unityhapticvr\chai3d-3.1.1\obj\release\x64\panning.obj
c:\users\cgvlab\documents\unityhapticvr\chai3d-3.1.1\obj\release\x64\aleffect.obj
c:\users\cgvlab\documents\unityhapticvr\chai3d-3.1.1\obj\release\x64\alfilter.obj
c:\users\cgvlab\documents\unityhapticvr\chai3d-3.1.1\obj\release\x64\alstate.obj
c:\users\cgvlab\documents\unityhapticvr\chai3d-3.1.1\obj\release\x64\bitwise.obj
c:\users\cgvlab\documents\unityhapticvr\chai3d-3.1.1\obj\release\x64\apiwrapper.obj
c:\users\cgvlab\documents\unityhapticvr\chai3d-3.1.1\obj\release\x64\collect.obj
c:\users\cgvlab\documents\unityhapticvr\chai3d-3.1.1\obj\release\x64\decode.obj
c:\users\cgvlab\documents\unityhapticvr\chai3d-3.1.1\obj\release\x64\encfrag.obj
c:\users\cgvlab\documents\unityhapticvr\chai3d-3.1.1\obj\release\x64\encode.obj
c:\users\cgvlab\documents\unityhapticvr\chai3d-3.1.1\obj\release\x64\idct.obj
c:\users\cgvlab\documents\unityhapticvr\chai3d-3.1.1\obj\release\x64\mathops.obj
c:\users\cgvlab\documents\unityhapticvr\chai3d-3.1.1\obj\release\x64\mcenc.obj
c:\users\cgvlab\documents\unityhapticvr\chai3d-3.1.1\obj\release\x64\tokenize.obj
c:\users\cgvlab\documents\unityhapticvr\chai3d-3.1.1\obj\release\x64\mmxidct.obj
c:\users\cgvlab\documents\unityhapticvr\chai3d-3.1.1\obj\release\x64\x86cpu.obj
c:\users\cgvlab\documents\unityhapticvr\chai3d-3.1.1\obj\release\x64\x86state.obj
c:\users\cgvlab\documents\unityhapticvr\chai3d-3.1.1\obj\release\x64\block.obj
c:\users\cgvlab\documents\unityhapticvr\chai3d-3.1.1\obj\release\x64\info.obj
c:\users\cgvlab\documents\unityhapticvr\chai3d-3.1.1\obj\release\x64\psy.obj
c:\users\cgvlab\documents\unityhapticvr\chai3d-3.1.1\obj\release\x64\smallft.obj
c:\users\cgvlab\documents\unityhapticvr\chai3d-3.1.1\obj\release\x64\window.obj
c:\users\cgvlab\documents\unityhapticvr\chai3d-3.1.1\obj\release\x64\yuv420_yuv_c.obj
c:\users\cgvlab\documents\unityhapticvr\chai3d-3.1.1\obj\release\x64\vc90.pdb
c:\users\cgvlab\documents\unityhapticvr\chai3d-3.1.1\obj\release\x64\theoraaudiointerface.obj
c:\users\cgvlab\documents\unityhapticvr\chai3d-3.1.1\obj\release\x64\theoradatasource.obj
c:\users\cgvlab\documents\unityhapticvr\chai3d-3.1.1\obj\release\x64\theoratimer.obj
c:\users\cgvlab\documents\unityhapticvr\chai3d-3.1.1\obj\release\x64\theorautil.obj
c:\users\cgvlab\documents\unityhapticvr\chai3d-3.1.1\obj\release\x64\theoraworkerthread.obj
c:\users\cgvlab\documents\unityhapticvr\chai3d-3.1.1\obj\release\x64\caudiodevice.obj
c:\users\cgvlab\documents\unityhapticvr\chai3d-3.1.1\obj\release\x64\ccollisionbrute.obj
c:\users\cgvlab\documents\unityhapticvr\chai3d-3.1.1\obj\release\x64\cgenerichapticdevice.obj
c:\users\cgvlab\documents\unityhapticvr\chai3d-3.1.1\obj\release\x64\cphantomdevices.obj
c:\users\cgvlab\documents\unityhapticvr\chai3d-3.1.1\obj\release\x64\ceffectstickslip.obj
c:\users\cgvlab\documents\unityhapticvr\chai3d-3.1.1\obj\release\x64\cgenericeffect.obj
c:\users\cgvlab\documents\unityhapticvr\chai3d-3.1.1\obj\release\x64\cfileimagegif.obj
c:\users\cgvlab\documents\unityhapticvr\chai3d-3.1.1\obj\release\x64\cfileimageraw.obj
c:\users\cgvlab\documents\unityhapticvr\chai3d-3.1.1\obj\release\x64\calgorithmfingerproxy.obj
c:\users\cgvlab\documents\unityhapticvr\chai3d-3.1.1\obj\release\x64\cdisplaylist.obj
c:\users\cgvlab\documents\unityhapticvr\chai3d-3.1.1\obj\release\x64\cfog.obj
c:\users\cgvlab\documents\unityhapticvr\chai3d-3.1.1\obj\release\x64\cpointarray.obj
c:\users\cgvlab\documents\unityhapticvr\chai3d-3.1.1\obj\release\x64\cvideo.obj
c:\users\cgvlab\documents\unityhapticvr\chai3d-3.1.1\obj\release\x64\cshadowmap.obj
c:\users\cgvlab\documents\unityhapticvr\chai3d-3.1.1\obj\release\x64\ctexture1d.obj
c:\users\cgvlab\documents\unityhapticvr\chai3d-3.1.1\obj\release\x64\cshader.obj
c:\users\cgvlab\documents\unityhapticvr\chai3d-3.1.1\obj\release\x64\cmutex.obj
c:\users\cgvlab\documents\unityhapticvr\chai3d-3.1.1\obj\release\x64\cfrequencycounter.obj
c:\users\cgvlab\documents\unityhapticvr\chai3d-3.1.1\obj\release\x64\cgenerictool.obj
c:\users\cgvlab\documents\unityhapticvr\chai3d-3.1.1\obj\release\x64\cbackground.obj
c:\users\cgvlab\documents\unityhapticvr\chai3d-3.1.1\obj\release\x64\clabel.obj
c:\users\cgvlab\documents\unityhapticvr\chai3d-3.1.1\obj\release\x64\cviewpanel.obj
c:\users\cgvlab\documents\unityhapticvr\chai3d-3.1.1\obj\release\x64\cmultipoint.obj
c:\users\cgvlab\documents\unityhapticvr\chai3d-3.1.1\obj\release\x64\cshapesphere.obj
c:\users\cgvlab\documents\unityhapticvr\chai3d-3.1.1\obj\release\x64\cworld.obj
c:\users\cgvlab\documents\unityhapticvr\chai3d-3.1.1\obj\release\x64\theoraaudiopacketqueue.obj
c:\users\cgvlab\documents\unityhapticvr\chai3d-3.1.1\obj\release\x64\theoraexception.obj
c:\users\cgvlab\documents\unityhapticvr\chai3d-3.1.1\obj\release\x64\theoravideoclip.obj
c:\users\cgvlab\documents\unityhapticvr\chai3d-3.1.1\obj\release\x64\theoravideoclip_theora.obj
c:\users\cgvlab\documents\unityhapticvr\chai3d-3.1.1\obj\release\x64\ccollisionaabb.obj
c:\users\cgvlab\documents\unityhapticvr\chai3d-3.1.1\obj\release\x64\cdeltadevices.obj
c:\users\cgvlab\documents\unityhapticvr\chai3d-3.1.1\obj\release\x64\cleapdevices.obj
c:\users\cgvlab\documents\unityhapticvr\chai3d-3.1.1\obj\release\x64\ccamera.obj
c:\users\cgvlab\documents\unityhapticvr\chai3d-3.1.1\obj\release\x64\ceffectvibration.obj
c:\users\cgvlab\documents\unityhapticvr\chai3d-3.1.1\obj\release\x64\cfileimagebmp.obj
c:\users\cgvlab\documents\unityhapticvr\chai3d-3.1.1\obj\release\x64\cfileimageppm.obj
c:\users\cgvlab\documents\unityhapticvr\chai3d-3.1.1\obj\release\x64\cfilemodelstl.obj
c:\users\cgvlab\documents\unityhapticvr\chai3d-3.1.1\obj\release\x64\ccolor.obj
c:\users\cgvlab\documents\unityhapticvr\chai3d-3.1.1\obj\release\x64\cfont.obj
c:\users\cgvlab\documents\unityhapticvr\chai3d-3.1.1\obj\release\x64\cprimitives.obj
c:\users\cgvlab\documents\unityhapticvr\chai3d-3.1.1\obj\release\x64\cdirectionallight.obj
c:\users\cgvlab\documents\unityhapticvr\chai3d-3.1.1\obj\release\x64\cspotlight.obj
c:\users\cgvlab\documents\unityhapticvr\chai3d-3.1.1\obj\release\x64\ctexture3d.obj
c:\users\cgvlab\documents\unityhapticvr\chai3d-3.1.1\obj\release\x64\cglobals.obj
c:\users\cgvlab\documents\unityhapticvr\chai3d-3.1.1\obj\release\x64\cthread.obj
c:\users\cgvlab\documents\unityhapticvr\chai3d-3.1.1\obj\release\x64\cprecisionclock.obj
c:\users\cgvlab\documents\unityhapticvr\chai3d-3.1.1\obj\release\x64\chapticpoint.obj
c:\users\cgvlab\documents\unityhapticvr\chai3d-3.1.1\obj\release\x64\cbitmap.obj
c:\users\cgvlab\documents\unityhapticvr\chai3d-3.1.1\obj\release\x64\clevel.obj
c:\users\cgvlab\documents\unityhapticvr\chai3d-3.1.1\obj\release\x64\cgenericobject.obj
c:\users\cgvlab\documents\unityhapticvr\chai3d-3.1.1\obj\release\x64\cmultisegment.obj
c:\users\cgvlab\documents\unityhapticvr\chai3d-3.1.1\obj\release\x64\cshapeline.obj
c:\users\cgvlab\documents\unityhapticvr\chai3d-3.1.1\obj\release\x64\theoraasync.obj
c:\users\cgvlab\documents\unityhapticvr\chai3d-3.1.1\obj\release\x64\theoravideoframe.obj
c:\users\cgvlab\documents\unityhapticvr\chai3d-3.1.1\obj\release\x64\caudiobuffer.obj
c:\users\cgvlab\documents\unityhapticvr\chai3d-3.1.1\obj\release\x64\ccollisionaabbtree.obj
c:\users\cgvlab\documents\unityhapticvr\chai3d-3.1.1\obj\release\x64\cgenericdevice.obj
c:\users\cgvlab\documents\unityhapticvr\chai3d-3.1.1\obj\release\x64\cmycustomdevice.obj
c:\users\cgvlab\documents\unityhapticvr\chai3d-3.1.1\obj\release\x64\cframebuffer.obj
c:\users\cgvlab\documents\unityhapticvr\chai3d-3.1.1\obj\release\x64\ceffectviscosity.obj
c:\users\cgvlab\documents\unityhapticvr\chai3d-3.1.1\obj\release\x64\cfileimagejpg.obj
c:\users\cgvlab\documents\unityhapticvr\chai3d-3.1.1\obj\release\x64\cfilemodel3ds.obj
c:\users\cgvlab\documents\unityhapticvr\chai3d-3.1.1\obj\release\x64\calgorithmpotentialfield.obj
c:\users\cgvlab\documents\unityhapticvr\chai3d-3.1.1\obj\release\x64\cdraw3d.obj
c:\users\cgvlab\documents\unityhapticvr\chai3d-3.1.1\obj\release\x64\cimage.obj
c:\users\cgvlab\documents\unityhapticvr\chai3d-3.1.1\obj\release\x64\csegmentarray.obj
c:\users\cgvlab\documents\unityhapticvr\chai3d-3.1.1\obj\release\x64\cgenericlight.obj
c:\users\cgvlab\documents\unityhapticvr\chai3d-3.1.1\obj\release\x64\cmaterial.obj
c:\users\cgvlab\documents\unityhapticvr\chai3d-3.1.1\obj\release\x64\ctexture2d.obj
c:\users\cgvlab\documents\unityhapticvr\chai3d-3.1.1\obj\release\x64\cshaderprogram.obj
c:\users\cgvlab\documents\unityhapticvr\chai3d-3.1.1\obj\release\x64\ctoolgripper.obj
c:\users\cgvlab\documents\unityhapticvr\chai3d-3.1.1\obj\release\x64\cgenericwidget.obj
c:\users\cgvlab\documents\unityhapticvr\chai3d-3.1.1\obj\release\x64\cscope.obj
c:\users\cgvlab\documents\unityhapticvr\chai3d-3.1.1\obj\release\x64\cmultimesh.obj
c:\users\cgvlab\documents\unityhapticvr\chai3d-3.1.1\obj\release\x64\cshapecylinder.obj
c:\users\cgvlab\documents\unityhapticvr\chai3d-3.1.1\obj\release\x64\cvoxelobject.obj
c:\users\cgvlab\documents\unityhapticvr\chai3d-3.1.1\obj\release\x64\openal_audiointerface.obj
c:\users\cgvlab\documents\unityhapticvr\chai3d-3.1.1\obj\release\x64\theoraframequeue.obj
c:\users\cgvlab\documents\unityhapticvr\chai3d-3.1.1\obj\release\x64\theoravideomanager.obj
c:\users\cgvlab\documents\unityhapticvr\chai3d-3.1.1\obj\release\x64\caudiosource.obj
c:\users\cgvlab\documents\unityhapticvr\chai3d-3.1.1\obj\release\x64\cgenericcollision.obj
c:\users\cgvlab\documents\unityhapticvr\chai3d-3.1.1\obj\release\x64\chapticdevicehandler.obj
c:\users\cgvlab\documents\unityhapticvr\chai3d-3.1.1\obj\release\x64\csixensedevices.obj
c:\users\cgvlab\documents\unityhapticvr\chai3d-3.1.1\obj\release\x64\ceffectmagnet.obj
c:\users\cgvlab\documents\unityhapticvr\chai3d-3.1.1\obj\release\x64\ceffectsurface.obj
c:\users\cgvlab\documents\unityhapticvr\chai3d-3.1.1\obj\release\x64\cfileaudiowav.obj
c:\users\cgvlab\documents\unityhapticvr\chai3d-3.1.1\obj\release\x64\cfileimagepng.obj
c:\users\cgvlab\documents\unityhapticvr\chai3d-3.1.1\obj\release\x64\cfilemodelobj.obj
c:\users\cgvlab\documents\unityhapticvr\chai3d-3.1.1\obj\release\x64\cgenericforcealgorithm.obj
c:\users\cgvlab\documents\unityhapticvr\chai3d-3.1.1\obj\release\x64\cmultiimage.obj
c:\users\cgvlab\documents\unityhapticvr\chai3d-3.1.1\obj\release\x64\ctrianglearray.obj
c:\users\cgvlab\documents\unityhapticvr\chai3d-3.1.1\obj\release\x64\cpositionallight.obj
c:\users\cgvlab\documents\unityhapticvr\chai3d-3.1.1\obj\release\x64\cnormalmap.obj
c:\users\cgvlab\documents\unityhapticvr\chai3d-3.1.1\obj\release\x64\ctexturevideo.obj
c:\users\cgvlab\documents\unityhapticvr\chai3d-3.1.1\obj\release\x64\cstring.obj
c:\users\cgvlab\documents\unityhapticvr\chai3d-3.1.1\obj\release\x64\ctoolcursor.obj
c:\users\cgvlab\documents\unityhapticvr\chai3d-3.1.1\obj\release\x64\cdial.obj
c:\users\cgvlab\documents\unityhapticvr\chai3d-3.1.1\obj\release\x64\cpanel.obj
c:\users\cgvlab\documents\unityhapticvr\chai3d-3.1.1\obj\release\x64\cmesh.obj
c:\users\cgvlab\documents\unityhapticvr\chai3d-3.1.1\obj\release\x64\cshapebox.obj
c:\users\cgvlab\documents\unityhapticvr\chai3d-3.1.1\obj\release\x64\cshapetorus.obj
c:\users\cgvlab\documents\unityhapticvr\chai3d-3.1.1\lib\release\x64\chai3d.lib
c:\users\cgvlab\documents\unityhapticvr\chai3d-3.1.1\lib/release/x64\chai3d.lib
c:\users\cgvlab\documents\unityhapticvr\chai3d-3.1.1\obj\release\x64\chai3d.tlog\cl.command.1.tlog
c:\users\cgvlab\documents\unityhapticvr\chai3d-3.1.1\obj\release\x64\chai3d.tlog\cl.read.1.tlog
c:\users\cgvlab\documents\unityhapticvr\chai3d-3.1.1\obj\release\x64\chai3d.tlog\cl.write.1.tlog
c:\users\cgvlab\documents\unityhapticvr\chai3d-3.1.1\obj\release\x64\chai3d.tlog\lib-link.read.1.tlog
c:\users\cgvlab\documents\unityhapticvr\chai3d-3.1.1\obj\release\x64\chai3d.tlog\lib-link.write.1.tlog
c:\users\cgvlab\documents\unityhapticvr\chai3d-3.1.1\obj\release\x64\chai3d.tlog\lib.command.1.tlog
